#
# A fatal error has been detected by the Java Runtime Environment:
#
#  Internal Error (safepoint.cpp:919), pid=1173, tid=28423
#  fatal error: Illegal threadstate encountered: 4
#
# JRE version: Java(TM) SE Runtime Environment 18.9 (11.0.11+9) (build 11.0.11+9-LTS-194)
# Java VM: Java HotSpot(TM) 64-Bit Server VM 18.9 (11.0.11+9-LTS-194, mixed mode, tiered, compressed oops, g1 gc, bsd-amd64)
# No core dump will be written. Core dumps have been disabled. To enable core dumping, try "ulimit -c unlimited" before starting Java again
#
# If you would like to submit a bug report, please visit:
#   https://bugreport.java.com/bugreport/crash.jsp
# The crash happened outside the Java Virtual Machine in native code.
# See problematic frame for where to report the bug.
#

---------------  S U M M A R Y ------------

Command Line: --module-path=/Users/bogdan/Downloads/javafx-sdk-11.0-2.2/lib --add-modules=javafx.fxml,javafx.controls,javafx.graphics -Djava.library.path=/Users/bogdan/Downloads/javafx-sdk-11.0-2.2/lib -javaagent:/Applications/IntelliJ IDEA CE.app/Contents/lib/idea_rt.jar=50123:/Applications/IntelliJ IDEA CE.app/Contents/bin -Dfile.encoding=UTF-8 InventorySystem.InventorySystem

Host: MacBookPro14,1 x86_64 2300 MHz, 4 cores, 8G, Darwin 21.1.0
Time: Tue Nov  2 06:00:15 2021 PDT elapsed time: 27.354543 seconds (0d 0h 0m 27s)

---------------  T H R E A D  ---------------

Current thread (0x00007fee892d9800):  JavaThread "InvokeLaterDispatcher" daemon [_thread_in_native, id=28423, stack(0x0000700002a0e000,0x0000700002b0e000)]

Stack: [0x0000700002a0e000,0x0000700002b0e000],  sp=0x0000700002b0c280,  free space=1016k
Native frames: (J=compiled Java code, A=aot compiled Java code, j=interpreted, Vv=VM code, C=native code)
V  [libjvm.dylib+0x795d41]  _ZN7VMError14report_and_dieEiPKcS1_P13__va_list_tagP6ThreadPhPvS7_S1_im+0x625
V  [libjvm.dylib+0x7963b9]  _ZN7VMError14report_and_dieEP6ThreadPvPKciS4_S4_P13__va_list_tag+0x3f
V  [libjvm.dylib+0x261f05]  _Z12report_fatalPKciS0_z+0xb5
V  [libjvm.dylib+0x6b581c]  _ZN20SafepointSynchronize5blockEP10JavaThread+0x1ce
V  [libjvm.dylib+0x7454a0]  _ZN10JavaThread44check_safepoint_and_suspend_for_native_transEPS_+0xa8
V  [libjvm.dylib+0x3dac0a]  jni_DeleteGlobalRef+0x91
C  [libglass.dylib+0x8851]  -[GlassRunnable dealloc]+0x31
C  [Foundation+0x8210b]  -[_NSThreadPerformInfo dealloc]+0x2a
C  [Foundation+0x4edc7]  -[NSObject(NSThreadPerformAdditions) performSelectorOnMainThread:withObject:waitUntilDone:]+0x7c
j  com.sun.glass.ui.mac.MacApplication._submitForLaterInvocation(Ljava/lang/Runnable;)V+0 javafx.graphics
J 4527 c1 com.sun.glass.ui.mac.MacApplication.submitForLaterInvocation(Ljava/lang/Runnable;)V javafx.graphics (6 bytes) @ 0x0000000116948434 [0x00000001169483c0+0x0000000000000074]
j  com.sun.glass.ui.InvokeLaterDispatcher.run()V+82 javafx.graphics
v  ~StubRoutines::call_stub
V  [libjvm.dylib+0x39bdbf]  _ZN9JavaCalls11call_helperEP9JavaValueRK12methodHandleP17JavaCallArgumentsP6Thread+0x21d
V  [libjvm.dylib+0x39b221]  _ZN9JavaCalls12call_virtualEP9JavaValueP5KlassP6SymbolS5_P17JavaCallArgumentsP6Thread+0xe9
V  [libjvm.dylib+0x39b2dc]  _ZN9JavaCalls12call_virtualEP9JavaValue6HandleP5KlassP6SymbolS6_P6Thread+0x62
V  [libjvm.dylib+0x423294]  _ZL12thread_entryP10JavaThreadP6Thread+0x78
V  [libjvm.dylib+0x743e9a]  _ZN10JavaThread17thread_main_innerEv+0x82
V  [libjvm.dylib+0x743ceb]  _ZN10JavaThread3runEv+0x173
V  [libjvm.dylib+0x741b32]  _ZN6Thread8call_runEv+0x68
V  [libjvm.dylib+0x646798]  _ZL19thread_native_entryP6Thread+0x136
C  [libsystem_pthread.dylib+0x6514]  _pthread_start+0x7d
C  [libsystem_pthread.dylib+0x202f]  thread_start+0xf

Java frames: (J=compiled Java code, j=interpreted, Vv=VM code)
j  com.sun.glass.ui.mac.MacApplication._submitForLaterInvocation(Ljava/lang/Runnable;)V+0 javafx.graphics
J 4527 c1 com.sun.glass.ui.mac.MacApplication.submitForLaterInvocation(Ljava/lang/Runnable;)V javafx.graphics (6 bytes) @ 0x0000000116948434 [0x00000001169483c0+0x0000000000000074]
j  com.sun.glass.ui.InvokeLaterDispatcher.run()V+82 javafx.graphics
v  ~StubRoutines::call_stub

---------------  P R O C E S S  ---------------

Threads class SMR info:
_java_thread_list=0x000060000157c7c0, length=18, elements={
0x00007fee8980d000, 0x00007fee8900e000, 0x00007fee87821800, 0x00007fee8900e800,
0x00007fee8900f800, 0x00007fee89891800, 0x00007fee8905d000, 0x00007fee88058800,
0x00007fee89228000, 0x00007fee881c7000, 0x00007fee89cc8000, 0x00007fee892d9800,
0x00007fee87a75000, 0x00007fee8949b000, 0x00007fee88508000, 0x00007fee89ffe800,
0x00007fee884c5000, 0x00007fee8943c000
}

Java Threads: ( => current thread )
  0x00007fee8980d000 JavaThread "main" [_thread_blocked, id=9987, stack(0x0000700001449000,0x0000700001549000)]
  0x00007fee8900e000 JavaThread "Reference Handler" daemon [_thread_blocked, id=13827, stack(0x0000700001b5e000,0x0000700001c5e000)]
  0x00007fee87821800 JavaThread "Finalizer" daemon [_thread_blocked, id=17923, stack(0x0000700001c61000,0x0000700001d61000)]
  0x00007fee8900e800 JavaThread "Signal Dispatcher" daemon [_thread_blocked, id=15619, stack(0x0000700001eed000,0x0000700001fed000)]
  0x00007fee8900f800 JavaThread "C2 CompilerThread0" daemon [_thread_in_native, id=21763, stack(0x0000700001ff0000,0x00007000020f0000)]
  0x00007fee89891800 JavaThread "C1 CompilerThread0" daemon [_thread_in_native, id=43011, stack(0x00007000020f3000,0x00007000021f3000)]
  0x00007fee8905d000 JavaThread "Sweeper thread" daemon [_thread_blocked, id=42499, stack(0x00007000021f6000,0x00007000022f6000)]
  0x00007fee88058800 JavaThread "Common-Cleaner" daemon [_thread_blocked, id=41987, stack(0x00007000022f9000,0x00007000023f9000)]
  0x00007fee89228000 JavaThread "Monitor Ctrl-Break" daemon [_thread_in_native, id=23299, stack(0x00007000023fc000,0x00007000024fc000)]
  0x00007fee881c7000 JavaThread "Service Thread" daemon [_thread_blocked, id=41475, stack(0x00007000024ff000,0x00007000025ff000)]
  0x00007fee89cc8000 JavaThread "QuantumRenderer-0" daemon [_thread_blocked, id=40707, stack(0x0000700002705000,0x0000700002805000)]
=>0x00007fee892d9800 JavaThread "InvokeLaterDispatcher" daemon [_thread_in_native, id=28423, stack(0x0000700002a0e000,0x0000700002b0e000)]
  0x00007fee87a75000 JavaThread "JavaFX Application Thread" [_thread_in_native_trans, id=259, stack(0x00007ff7b5711000,0x00007ff7b5f11000)]
  0x00007fee8949b000 JavaThread "Attach Listener" daemon [_thread_blocked, id=84227, stack(0x0000700002b11000,0x0000700002c11000)]
  0x00007fee88508000 JavaThread "Thread-2" daemon [_thread_in_native, id=82695, stack(0x0000700002c14000,0x0000700002c94000)]
  0x00007fee89ffe800 JavaThread "JavaFX-Launcher" [_thread_blocked, id=54275, stack(0x0000700002d9d000,0x0000700002e9d000)]
  0x00007fee884c5000 JavaThread "Prism Font Disposer" daemon [_thread_blocked, id=73503, stack(0x0000700002fa3000,0x00007000030a3000)]
  0x00007fee8943c000 JavaThread "Cleaner-0" daemon [_thread_blocked, id=68883, stack(0x00007000030a6000,0x00007000031a6000)]

Other Threads:
  0x00007fee8781f000 VMThread "VM Thread" [stack: 0x0000700001a5b000,0x0000700001b5b000] [id=13571]
  0x00007fee87827000 WatcherThread [stack: 0x0000700002602000,0x0000700002702000] [id=41219]
  0x00007fee87809000 GCTaskThread "GC Thread#0" [stack: 0x000070000154c000,0x000070000164c000] [id=11523]
  0x00007fee8924a800 GCTaskThread "GC Thread#1" [stack: 0x0000700002808000,0x0000700002908000] [id=24323]
  0x00007fee89234800 GCTaskThread "GC Thread#2" [stack: 0x000070000290b000,0x0000700002a0b000] [id=24835]
  0x00007fee88599800 GCTaskThread "GC Thread#3" [stack: 0x0000700002ea0000,0x0000700002fa0000] [id=56079]
  0x00007fee89838000 ConcurrentGCThread "G1 Main Marker" [stack: 0x000070000164f000,0x000070000174f000] [id=20995]
  0x00007fee89838800 ConcurrentGCThread "G1 Conc#0" [stack: 0x0000700001752000,0x0000700001852000] [id=12035]
  0x00007fee89889800 ConcurrentGCThread "G1 Refine#0" [stack: 0x0000700001855000,0x0000700001955000] [id=12547]
  0x00007fee87931000 ConcurrentGCThread "G1 Refine#1" [stack: 0x00007000031a9000,0x00007000032a9000] [id=69127]
  0x00007fee8780f800 ConcurrentGCThread "G1 Young RemSet Sampling" [stack: 0x0000700001958000,0x0000700001a58000] [id=12803]

Threads with active compile tasks:
C2 CompilerThread0  27372 4547       4       javafx.scene.CssStyleHelper::createStyleHelper (310 bytes)
C1 CompilerThread0  27372 4563       3       javafx.scene.control.skin.LabeledSkinBase::layoutLabelInArea (1642 bytes)

VM state:not at safepoint (normal execution)

VM Mutex/Monitor currently owned by a thread: None

Heap address: 0x0000000780000000, size: 2048 MB, Compressed Oops mode: Zero based, Oop shift amount: 3
Narrow klass base: 0x0000000800000000, Narrow klass shift: 0
Compressed class space size: 1073741824 Address: 0x0000000800000000

Heap:
 garbage-first heap   total 131072K, used 34528K [0x0000000780000000, 0x0000000800000000)
  region size 1024K, 26 young (26624K), 6 survivors (6144K)
 Metaspace       used 28969K, capacity 30137K, committed 30256K, reserved 1075200K
  class space    used 3666K, capacity 4166K, committed 4224K, reserved 1048576K
Heap Regions: E=young(eden), S=young(survivor), O=old, HS=humongous(starts), HC=humongous(continues), CS=collection set, F=free, A=archive, TAMS=top-at-mark-start (previous, next)
|   0|0x0000000780000000, 0x0000000780100000, 0x0000000780100000|100%| O|  |TAMS 0x0000000780100000, 0x0000000780000000| Untracked 
|   1|0x0000000780100000, 0x0000000780200000, 0x0000000780200000|100%| O|  |TAMS 0x0000000780200000, 0x0000000780100000| Untracked 
|   2|0x0000000780200000, 0x0000000780300000, 0x0000000780300000|100%| O|  |TAMS 0x00000007802f6400, 0x0000000780200000| Untracked 
|   3|0x0000000780300000, 0x0000000780400000, 0x0000000780400000|100%|HS|  |TAMS 0x0000000780300000, 0x0000000780300000| Complete 
|   4|0x0000000780400000, 0x0000000780500000, 0x0000000780500000|100%|HC|  |TAMS 0x0000000780400000, 0x0000000780400000| Complete 
|   5|0x0000000780500000, 0x0000000780600000, 0x0000000780600000|100%| O|  |TAMS 0x0000000780500000, 0x0000000780500000| Untracked 
|   6|0x0000000780600000, 0x0000000780700000, 0x0000000780700000|100%| O|  |TAMS 0x0000000780600000, 0x0000000780600000| Untracked 
|   7|0x0000000780700000, 0x0000000780800000, 0x0000000780800000|100%| O|  |TAMS 0x0000000780700000, 0x0000000780700000| Untracked 
|   8|0x0000000780800000, 0x00000007808b8000, 0x0000000780900000| 71%| O|  |TAMS 0x0000000780800000, 0x0000000780800000| Untracked 
|   9|0x0000000780900000, 0x0000000780900000, 0x0000000780a00000|  0%| F|  |TAMS 0x0000000780900000, 0x0000000780900000| Untracked 
|  10|0x0000000780a00000, 0x0000000780a00000, 0x0000000780b00000|  0%| F|  |TAMS 0x0000000780a00000, 0x0000000780a00000| Untracked 
|  11|0x0000000780b00000, 0x0000000780b00000, 0x0000000780c00000|  0%| F|  |TAMS 0x0000000780b00000, 0x0000000780b00000| Untracked 
|  12|0x0000000780c00000, 0x0000000780c00000, 0x0000000780d00000|  0%| F|  |TAMS 0x0000000780c00000, 0x0000000780c00000| Untracked 
|  13|0x0000000780d00000, 0x0000000780d00000, 0x0000000780e00000|  0%| F|  |TAMS 0x0000000780d00000, 0x0000000780d00000| Untracked 
|  14|0x0000000780e00000, 0x0000000780e00000, 0x0000000780f00000|  0%| F|  |TAMS 0x0000000780e00000, 0x0000000780e00000| Untracked 
|  15|0x0000000780f00000, 0x0000000780f00000, 0x0000000781000000|  0%| F|  |TAMS 0x0000000780f00000, 0x0000000780f00000| Untracked 
|  16|0x0000000781000000, 0x0000000781000000, 0x0000000781100000|  0%| F|  |TAMS 0x0000000781000000, 0x0000000781000000| Untracked 
|  17|0x0000000781100000, 0x0000000781100000, 0x0000000781200000|  0%| F|  |TAMS 0x0000000781100000, 0x0000000781100000| Untracked 
|  18|0x0000000781200000, 0x0000000781200000, 0x0000000781300000|  0%| F|  |TAMS 0x0000000781200000, 0x0000000781200000| Untracked 
|  19|0x0000000781300000, 0x0000000781300000, 0x0000000781400000|  0%| F|  |TAMS 0x0000000781300000, 0x0000000781300000| Untracked 
|  20|0x0000000781400000, 0x0000000781400000, 0x0000000781500000|  0%| F|  |TAMS 0x0000000781400000, 0x0000000781400000| Untracked 
|  21|0x0000000781500000, 0x0000000781500000, 0x0000000781600000|  0%| F|  |TAMS 0x0000000781500000, 0x0000000781500000| Untracked 
|  22|0x0000000781600000, 0x0000000781600000, 0x0000000781700000|  0%| F|  |TAMS 0x0000000781600000, 0x0000000781600000| Untracked 
|  23|0x0000000781700000, 0x0000000781700000, 0x0000000781800000|  0%| F|  |TAMS 0x0000000781700000, 0x0000000781700000| Untracked 
|  24|0x0000000781800000, 0x0000000781800000, 0x0000000781900000|  0%| F|  |TAMS 0x0000000781800000, 0x0000000781800000| Untracked 
|  25|0x0000000781900000, 0x0000000781900000, 0x0000000781a00000|  0%| F|  |TAMS 0x0000000781900000, 0x0000000781900000| Untracked 
|  26|0x0000000781a00000, 0x0000000781a00000, 0x0000000781b00000|  0%| F|  |TAMS 0x0000000781a00000, 0x0000000781a00000| Untracked 
|  27|0x0000000781b00000, 0x0000000781b00000, 0x0000000781c00000|  0%| F|  |TAMS 0x0000000781b00000, 0x0000000781b00000| Untracked 
|  28|0x0000000781c00000, 0x0000000781c00000, 0x0000000781d00000|  0%| F|  |TAMS 0x0000000781c00000, 0x0000000781c00000| Untracked 
|  29|0x0000000781d00000, 0x0000000781d00000, 0x0000000781e00000|  0%| F|  |TAMS 0x0000000781d00000, 0x0000000781d00000| Untracked 
|  30|0x0000000781e00000, 0x0000000781e00000, 0x0000000781f00000|  0%| F|  |TAMS 0x0000000781e00000, 0x0000000781e00000| Untracked 
|  31|0x0000000781f00000, 0x0000000781f00000, 0x0000000782000000|  0%| F|  |TAMS 0x0000000781f00000, 0x0000000781f00000| Untracked 
|  32|0x0000000782000000, 0x0000000782000000, 0x0000000782100000|  0%| F|  |TAMS 0x0000000782000000, 0x0000000782000000| Untracked 
|  33|0x0000000782100000, 0x0000000782100000, 0x0000000782200000|  0%| F|  |TAMS 0x0000000782100000, 0x0000000782100000| Untracked 
|  34|0x0000000782200000, 0x0000000782200000, 0x0000000782300000|  0%| F|  |TAMS 0x0000000782200000, 0x0000000782200000| Untracked 
|  35|0x0000000782300000, 0x0000000782300000, 0x0000000782400000|  0%| F|  |TAMS 0x0000000782300000, 0x0000000782300000| Untracked 
|  36|0x0000000782400000, 0x0000000782400000, 0x0000000782500000|  0%| F|  |TAMS 0x0000000782400000, 0x0000000782400000| Untracked 
|  37|0x0000000782500000, 0x0000000782500000, 0x0000000782600000|  0%| F|  |TAMS 0x0000000782500000, 0x0000000782500000| Untracked 
|  38|0x0000000782600000, 0x0000000782600000, 0x0000000782700000|  0%| F|  |TAMS 0x0000000782600000, 0x0000000782600000| Untracked 
|  39|0x0000000782700000, 0x0000000782700000, 0x0000000782800000|  0%| F|  |TAMS 0x0000000782700000, 0x0000000782700000| Untracked 
|  40|0x0000000782800000, 0x0000000782800000, 0x0000000782900000|  0%| F|  |TAMS 0x0000000782800000, 0x0000000782800000| Untracked 
|  41|0x0000000782900000, 0x0000000782900000, 0x0000000782a00000|  0%| F|  |TAMS 0x0000000782900000, 0x0000000782900000| Untracked 
|  42|0x0000000782a00000, 0x0000000782a00000, 0x0000000782b00000|  0%| F|  |TAMS 0x0000000782a00000, 0x0000000782a00000| Untracked 
|  43|0x0000000782b00000, 0x0000000782b00000, 0x0000000782c00000|  0%| F|  |TAMS 0x0000000782b00000, 0x0000000782b00000| Untracked 
|  44|0x0000000782c00000, 0x0000000782c00000, 0x0000000782d00000|  0%| F|  |TAMS 0x0000000782c00000, 0x0000000782c00000| Untracked 
|  45|0x0000000782d00000, 0x0000000782d00000, 0x0000000782e00000|  0%| F|  |TAMS 0x0000000782d00000, 0x0000000782d00000| Untracked 
|  46|0x0000000782e00000, 0x0000000782e00000, 0x0000000782f00000|  0%| F|  |TAMS 0x0000000782e00000, 0x0000000782e00000| Untracked 
|  47|0x0000000782f00000, 0x0000000782f00000, 0x0000000783000000|  0%| F|  |TAMS 0x0000000782f00000, 0x0000000782f00000| Untracked 
|  48|0x0000000783000000, 0x0000000783000000, 0x0000000783100000|  0%| F|  |TAMS 0x0000000783000000, 0x0000000783000000| Untracked 
|  49|0x0000000783100000, 0x0000000783100000, 0x0000000783200000|  0%| F|  |TAMS 0x0000000783100000, 0x0000000783100000| Untracked 
|  50|0x0000000783200000, 0x0000000783200000, 0x0000000783300000|  0%| F|  |TAMS 0x0000000783200000, 0x0000000783200000| Untracked 
|  51|0x0000000783300000, 0x0000000783300000, 0x0000000783400000|  0%| F|  |TAMS 0x0000000783300000, 0x0000000783300000| Untracked 
|  52|0x0000000783400000, 0x0000000783400000, 0x0000000783500000|  0%| F|  |TAMS 0x0000000783400000, 0x0000000783400000| Untracked 
|  53|0x0000000783500000, 0x0000000783500000, 0x0000000783600000|  0%| F|  |TAMS 0x0000000783500000, 0x0000000783500000| Untracked 
|  54|0x0000000783600000, 0x0000000783600000, 0x0000000783700000|  0%| F|  |TAMS 0x0000000783600000, 0x0000000783600000| Untracked 
|  55|0x0000000783700000, 0x0000000783700000, 0x0000000783800000|  0%| F|  |TAMS 0x0000000783700000, 0x0000000783700000| Untracked 
|  56|0x0000000783800000, 0x0000000783800000, 0x0000000783900000|  0%| F|  |TAMS 0x0000000783800000, 0x0000000783800000| Untracked 
|  57|0x0000000783900000, 0x0000000783900000, 0x0000000783a00000|  0%| F|  |TAMS 0x0000000783900000, 0x0000000783900000| Untracked 
|  58|0x0000000783a00000, 0x0000000783a00000, 0x0000000783b00000|  0%| F|  |TAMS 0x0000000783a00000, 0x0000000783a00000| Untracked 
|  59|0x0000000783b00000, 0x0000000783b00000, 0x0000000783c00000|  0%| F|  |TAMS 0x0000000783b00000, 0x0000000783b00000| Untracked 
|  60|0x0000000783c00000, 0x0000000783c00000, 0x0000000783d00000|  0%| F|  |TAMS 0x0000000783c00000, 0x0000000783c00000| Untracked 
|  61|0x0000000783d00000, 0x0000000783d00000, 0x0000000783e00000|  0%| F|  |TAMS 0x0000000783d00000, 0x0000000783d00000| Untracked 
|  62|0x0000000783e00000, 0x0000000783e00000, 0x0000000783f00000|  0%| F|  |TAMS 0x0000000783e00000, 0x0000000783e00000| Untracked 
|  63|0x0000000783f00000, 0x0000000783f00000, 0x0000000784000000|  0%| F|  |TAMS 0x0000000783f00000, 0x0000000783f00000| Untracked 
|  64|0x0000000784000000, 0x0000000784000000, 0x0000000784100000|  0%| F|  |TAMS 0x0000000784000000, 0x0000000784000000| Untracked 
|  65|0x0000000784100000, 0x0000000784100000, 0x0000000784200000|  0%| F|  |TAMS 0x0000000784100000, 0x0000000784100000| Untracked 
|  66|0x0000000784200000, 0x0000000784200000, 0x0000000784300000|  0%| F|  |TAMS 0x0000000784200000, 0x0000000784200000| Untracked 
|  67|0x0000000784300000, 0x0000000784300000, 0x0000000784400000|  0%| F|  |TAMS 0x0000000784300000, 0x0000000784300000| Untracked 
|  68|0x0000000784400000, 0x0000000784400000, 0x0000000784500000|  0%| F|  |TAMS 0x0000000784400000, 0x0000000784400000| Untracked 
|  69|0x0000000784500000, 0x0000000784500000, 0x0000000784600000|  0%| F|  |TAMS 0x0000000784500000, 0x0000000784500000| Untracked 
|  70|0x0000000784600000, 0x0000000784600000, 0x0000000784700000|  0%| F|  |TAMS 0x0000000784600000, 0x0000000784600000| Untracked 
|  71|0x0000000784700000, 0x0000000784700000, 0x0000000784800000|  0%| F|  |TAMS 0x0000000784700000, 0x0000000784700000| Untracked 
|  72|0x0000000784800000, 0x0000000784800000, 0x0000000784900000|  0%| F|  |TAMS 0x0000000784800000, 0x0000000784800000| Untracked 
|  73|0x0000000784900000, 0x0000000784900000, 0x0000000784a00000|  0%| F|  |TAMS 0x0000000784900000, 0x0000000784900000| Untracked 
|  74|0x0000000784a00000, 0x0000000784a00000, 0x0000000784b00000|  0%| F|  |TAMS 0x0000000784a00000, 0x0000000784a00000| Untracked 
|  75|0x0000000784b00000, 0x0000000784b00000, 0x0000000784c00000|  0%| F|  |TAMS 0x0000000784b00000, 0x0000000784b00000| Untracked 
|  76|0x0000000784c00000, 0x0000000784c00000, 0x0000000784d00000|  0%| F|  |TAMS 0x0000000784c00000, 0x0000000784c00000| Untracked 
|  77|0x0000000784d00000, 0x0000000784d00000, 0x0000000784e00000|  0%| F|  |TAMS 0x0000000784d00000, 0x0000000784d00000| Untracked 
|  78|0x0000000784e00000, 0x0000000784e00000, 0x0000000784f00000|  0%| F|  |TAMS 0x0000000784e00000, 0x0000000784e00000| Untracked 
|  79|0x0000000784f00000, 0x0000000784f00000, 0x0000000785000000|  0%| F|  |TAMS 0x0000000784f00000, 0x0000000784f00000| Untracked 
|  80|0x0000000785000000, 0x0000000785000000, 0x0000000785100000|  0%| F|  |TAMS 0x0000000785000000, 0x0000000785000000| Untracked 
|  81|0x0000000785100000, 0x0000000785200000, 0x0000000785200000|100%| S|CS|TAMS 0x0000000785100000, 0x0000000785100000| Complete 
|  82|0x0000000785200000, 0x0000000785300000, 0x0000000785300000|100%| S|CS|TAMS 0x0000000785200000, 0x0000000785200000| Complete 
|  83|0x0000000785300000, 0x0000000785400000, 0x0000000785400000|100%| S|CS|TAMS 0x0000000785300000, 0x0000000785300000| Complete 
|  84|0x0000000785400000, 0x0000000785500000, 0x0000000785500000|100%| S|CS|TAMS 0x0000000785400000, 0x0000000785400000| Complete 
|  85|0x0000000785500000, 0x0000000785600000, 0x0000000785600000|100%| S|CS|TAMS 0x0000000785500000, 0x0000000785500000| Complete 
|  86|0x0000000785600000, 0x0000000785700000, 0x0000000785700000|100%| S|CS|TAMS 0x0000000785600000, 0x0000000785600000| Complete 
|  87|0x0000000785700000, 0x0000000785700000, 0x0000000785800000|  0%| F|  |TAMS 0x0000000785700000, 0x0000000785700000| Untracked 
|  88|0x0000000785800000, 0x0000000785800000, 0x0000000785900000|  0%| F|  |TAMS 0x0000000785800000, 0x0000000785800000| Untracked 
|  89|0x0000000785900000, 0x0000000785900000, 0x0000000785a00000|  0%| F|  |TAMS 0x0000000785900000, 0x0000000785900000| Untracked 
|  90|0x0000000785a00000, 0x0000000785a00000, 0x0000000785b00000|  0%| F|  |TAMS 0x0000000785a00000, 0x0000000785a00000| Untracked 
|  91|0x0000000785b00000, 0x0000000785b00000, 0x0000000785c00000|  0%| F|  |TAMS 0x0000000785b00000, 0x0000000785b00000| Untracked 
|  92|0x0000000785c00000, 0x0000000785c00000, 0x0000000785d00000|  0%| F|  |TAMS 0x0000000785c00000, 0x0000000785c00000| Untracked 
|  93|0x0000000785d00000, 0x0000000785d00000, 0x0000000785e00000|  0%| F|  |TAMS 0x0000000785d00000, 0x0000000785d00000| Untracked 
|  94|0x0000000785e00000, 0x0000000785e00000, 0x0000000785f00000|  0%| F|  |TAMS 0x0000000785e00000, 0x0000000785e00000| Untracked 
|  95|0x0000000785f00000, 0x0000000785f00000, 0x0000000786000000|  0%| F|  |TAMS 0x0000000785f00000, 0x0000000785f00000| Untracked 
|  96|0x0000000786000000, 0x0000000786000000, 0x0000000786100000|  0%| F|  |TAMS 0x0000000786000000, 0x0000000786000000| Untracked 
|  97|0x0000000786100000, 0x0000000786100000, 0x0000000786200000|  0%| F|  |TAMS 0x0000000786100000, 0x0000000786100000| Untracked 
|  98|0x0000000786200000, 0x0000000786200000, 0x0000000786300000|  0%| F|  |TAMS 0x0000000786200000, 0x0000000786200000| Untracked 
|  99|0x0000000786300000, 0x0000000786300000, 0x0000000786400000|  0%| F|  |TAMS 0x0000000786300000, 0x0000000786300000| Untracked 
| 100|0x0000000786400000, 0x0000000786400000, 0x0000000786500000|  0%| F|  |TAMS 0x0000000786400000, 0x0000000786400000| Untracked 
| 101|0x0000000786500000, 0x0000000786500000, 0x0000000786600000|  0%| F|  |TAMS 0x0000000786500000, 0x0000000786500000| Untracked 
| 102|0x0000000786600000, 0x0000000786600000, 0x0000000786700000|  0%| F|  |TAMS 0x0000000786600000, 0x0000000786600000| Untracked 
| 103|0x0000000786700000, 0x0000000786700000, 0x0000000786800000|  0%| F|  |TAMS 0x0000000786700000, 0x0000000786700000| Untracked 
| 104|0x0000000786800000, 0x0000000786800000, 0x0000000786900000|  0%| F|  |TAMS 0x0000000786800000, 0x0000000786800000| Untracked 
| 105|0x0000000786900000, 0x0000000786900000, 0x0000000786a00000|  0%| F|  |TAMS 0x0000000786900000, 0x0000000786900000| Untracked 
| 106|0x0000000786a00000, 0x0000000786a00000, 0x0000000786b00000|  0%| F|  |TAMS 0x0000000786a00000, 0x0000000786a00000| Untracked 
| 107|0x0000000786b00000, 0x0000000786b00000, 0x0000000786c00000|  0%| F|  |TAMS 0x0000000786b00000, 0x0000000786b00000| Untracked 
| 108|0x0000000786c00000, 0x0000000786c80800, 0x0000000786d00000| 50%| E|  |TAMS 0x0000000786c00000, 0x0000000786c00000| Complete 
| 109|0x0000000786d00000, 0x0000000786e00000, 0x0000000786e00000|100%| E|CS|TAMS 0x0000000786d00000, 0x0000000786d00000| Complete 
| 110|0x0000000786e00000, 0x0000000786f00000, 0x0000000786f00000|100%| E|CS|TAMS 0x0000000786e00000, 0x0000000786e00000| Complete 
| 111|0x0000000786f00000, 0x0000000787000000, 0x0000000787000000|100%| E|CS|TAMS 0x0000000786f00000, 0x0000000786f00000| Complete 
| 112|0x0000000787000000, 0x0000000787100000, 0x0000000787100000|100%| E|CS|TAMS 0x0000000787000000, 0x0000000787000000| Complete 
| 113|0x0000000787100000, 0x0000000787200000, 0x0000000787200000|100%| E|CS|TAMS 0x0000000787100000, 0x0000000787100000| Complete 
| 114|0x0000000787200000, 0x0000000787300000, 0x0000000787300000|100%| E|CS|TAMS 0x0000000787200000, 0x0000000787200000| Complete 
| 115|0x0000000787300000, 0x0000000787400000, 0x0000000787400000|100%| E|CS|TAMS 0x0000000787300000, 0x0000000787300000| Complete 
| 116|0x0000000787400000, 0x0000000787500000, 0x0000000787500000|100%| E|CS|TAMS 0x0000000787400000, 0x0000000787400000| Complete 
| 117|0x0000000787500000, 0x0000000787600000, 0x0000000787600000|100%| E|CS|TAMS 0x0000000787500000, 0x0000000787500000| Complete 
| 118|0x0000000787600000, 0x0000000787700000, 0x0000000787700000|100%| E|CS|TAMS 0x0000000787600000, 0x0000000787600000| Complete 
| 119|0x0000000787700000, 0x0000000787800000, 0x0000000787800000|100%| E|CS|TAMS 0x0000000787700000, 0x0000000787700000| Complete 
| 120|0x0000000787800000, 0x0000000787900000, 0x0000000787900000|100%| E|CS|TAMS 0x0000000787800000, 0x0000000787800000| Complete 
| 121|0x0000000787900000, 0x0000000787a00000, 0x0000000787a00000|100%| E|CS|TAMS 0x0000000787900000, 0x0000000787900000| Complete 
| 122|0x0000000787a00000, 0x0000000787b00000, 0x0000000787b00000|100%| E|CS|TAMS 0x0000000787a00000, 0x0000000787a00000| Complete 
| 123|0x0000000787b00000, 0x0000000787c00000, 0x0000000787c00000|100%| E|CS|TAMS 0x0000000787b00000, 0x0000000787b00000| Complete 
| 124|0x0000000787c00000, 0x0000000787d00000, 0x0000000787d00000|100%| E|CS|TAMS 0x0000000787c00000, 0x0000000787c00000| Complete 
| 125|0x0000000787d00000, 0x0000000787e00000, 0x0000000787e00000|100%| E|CS|TAMS 0x0000000787d00000, 0x0000000787d00000| Complete 
| 126|0x0000000787e00000, 0x0000000787f00000, 0x0000000787f00000|100%| E|CS|TAMS 0x0000000787e00000, 0x0000000787e00000| Complete 
| 127|0x0000000787f00000, 0x0000000788000000, 0x0000000788000000|100%| E|CS|TAMS 0x0000000787f00000, 0x0000000787f00000| Complete 

Card table byte_map: [0x000000010a7c8000,0x000000010abc8000] _byte_map_base: 0x0000000106bc8000

Marking Bits (Prev, Next): (CMBitMap*) 0x00007fee8982f250, (CMBitMap*) 0x00007fee8982f218
 Prev Bits: [0x0000000126b91000, 0x0000000128b91000)
 Next Bits: [0x0000000124b91000, 0x0000000126b91000)

Polling page: 0x000000010a12e000

Metaspace:

Usage:
  Non-class:     25.36 MB capacity,    24.71 MB ( 97%) used,   529.88 KB (  2%) free+waste,   137.81 KB ( <1%) overhead. 
      Class:      4.07 MB capacity,     3.58 MB ( 88%) used,   430.33 KB ( 10%) free+waste,    69.19 KB (  2%) overhead. 
       Both:     29.43 MB capacity,    28.29 MB ( 96%) used,   960.21 KB (  3%) free+waste,   207.00 KB ( <1%) overhead. 

Virtual space:
  Non-class space:       26.00 MB reserved,      25.42 MB ( 98%) committed 
      Class space:        1.00 GB reserved,       4.12 MB ( <1%) committed 
             Both:        1.03 GB reserved,      29.55 MB (  3%) committed 

Chunk freelists:
   Non-Class:  7.12 KB
       Class:  0 bytes
        Both:  7.12 KB

CodeHeap 'non-profiled nmethods': size=120032Kb used=1600Kb max_used=1600Kb free=118431Kb
 bounds [0x000000011d659000, 0x000000011d8c9000, 0x0000000124b91000]
CodeHeap 'profiled nmethods': size=120032Kb used=8553Kb max_used=8553Kb free=111478Kb
 bounds [0x0000000116121000, 0x0000000116981000, 0x000000011d659000]
CodeHeap 'non-nmethods': size=5696Kb used=1350Kb max_used=1408Kb free=4345Kb
 bounds [0x0000000115b91000, 0x0000000115e01000, 0x0000000116121000]
 total_blobs=5320 nmethods=4520 adapters=709
 compilation: enabled
              stopped_count=0, restarted_count=0
 full_count=0

Compilation events (10 events):
Event: 27.338 Thread 0x00007fee89891800 nmethod 4558 0x0000000116954690 code [0x0000000116954820, 0x0000000116954950]
Event: 27.338 Thread 0x00007fee89891800 4545       3       javafx.css.StyleableObjectProperty::<init> (10 bytes)
Event: 27.338 Thread 0x00007fee89891800 nmethod 4545 0x0000000116954a10 code [0x0000000116954be0, 0x0000000116954f90]
Event: 27.338 Thread 0x00007fee89891800 4543       3       javafx.scene.layout.Region$3::invalidated (68 bytes)
Event: 27.339 Thread 0x00007fee89891800 nmethod 4543 0x0000000116955110 code [0x00000001169553a0, 0x0000000116956130]
Event: 27.340 Thread 0x00007fee89891800 4560       3       com.sun.javafx.font.PrismFontFile::getGlyphBoundingBox (165 bytes)
Event: 27.341 Thread 0x00007fee89891800 nmethod 4560 0x0000000116956490 code [0x0000000116956780, 0x0000000116957cd0]
Event: 27.341 Thread 0x00007fee89891800 4561       3       jdk.internal.util.ArraysSupport::mismatch (72 bytes)
Event: 27.342 Thread 0x00007fee89891800 nmethod 4561 0x0000000116958410 code [0x00000001169585e0, 0x0000000116958990]
Event: 27.342 Thread 0x00007fee89891800 4563       3       javafx.scene.control.skin.LabeledSkinBase::layoutLabelInArea (1642 bytes)

GC Heap History (8 events):
Event: 0.795 GC heap before
{Heap before GC invocations=0 (full 0):
 garbage-first heap   total 131072K, used 14336K [0x0000000780000000, 0x0000000800000000)
  region size 1024K, 14 young (14336K), 0 survivors (0K)
 Metaspace       used 8964K, capacity 9269K, committed 9472K, reserved 1058816K
  class space    used 885K, capacity 987K, committed 1024K, reserved 1048576K
}
Event: 0.798 GC heap after
{Heap after GC invocations=1 (full 0):
 garbage-first heap   total 131072K, used 3002K [0x0000000780000000, 0x0000000800000000)
  region size 1024K, 2 young (2048K), 2 survivors (2048K)
 Metaspace       used 8964K, capacity 9269K, committed 9472K, reserved 1058816K
  class space    used 885K, capacity 987K, committed 1024K, reserved 1048576K
}
Event: 1.705 GC heap before
{Heap before GC invocations=1 (full 0):
 garbage-first heap   total 131072K, used 14266K [0x0000000780000000, 0x0000000800000000)
  region size 1024K, 14 young (14336K), 2 survivors (2048K)
 Metaspace       used 14004K, capacity 14444K, committed 14848K, reserved 1062912K
  class space    used 1507K, capacity 1692K, committed 1792K, reserved 1048576K
}
Event: 1.707 GC heap after
{Heap after GC invocations=2 (full 0):
 garbage-first heap   total 131072K, used 4475K [0x0000000780000000, 0x0000000800000000)
  region size 1024K, 2 young (2048K), 2 survivors (2048K)
 Metaspace       used 14004K, capacity 14444K, committed 14848K, reserved 1062912K
  class space    used 1507K, capacity 1692K, committed 1792K, reserved 1048576K
}
Event: 2.448 GC heap before
{Heap before GC invocations=2 (full 0):
 garbage-first heap   total 131072K, used 23931K [0x0000000780000000, 0x0000000800000000)
  region size 1024K, 23 young (23552K), 2 survivors (2048K)
 Metaspace       used 20457K, capacity 21103K, committed 21296K, reserved 1069056K
  class space    used 2441K, capacity 2682K, committed 2688K, reserved 1048576K
}
Event: 2.455 GC heap after
{Heap after GC invocations=3 (full 0):
 garbage-first heap   total 131072K, used 7504K [0x0000000780000000, 0x0000000800000000)
  region size 1024K, 5 young (5120K), 5 survivors (5120K)
 Metaspace       used 20457K, capacity 21103K, committed 21296K, reserved 1069056K
  class space    used 2441K, capacity 2682K, committed 2688K, reserved 1048576K
}
Event: 18.843 GC heap before
{Heap before GC invocations=4 (full 0):
 garbage-first heap   total 131072K, used 46416K [0x0000000780000000, 0x0000000800000000)
  region size 1024K, 41 young (41984K), 5 survivors (5120K)
 Metaspace       used 27446K, capacity 28598K, committed 28848K, reserved 1075200K
  class space    used 3523K, capacity 4022K, committed 4096K, reserved 1048576K
}
Event: 18.864 GC heap after
{Heap after GC invocations=5 (full 0):
 garbage-first heap   total 131072K, used 15072K [0x0000000780000000, 0x0000000800000000)
  region size 1024K, 6 young (6144K), 6 survivors (6144K)
 Metaspace       used 27446K, capacity 28598K, committed 28848K, reserved 1075200K
  class space    used 3523K, capacity 4022K, committed 4096K, reserved 1048576K
}

Deoptimization events (10 events):
Event: 22.521 Thread 0x00007fee87a75000 Uncommon trap: reason=array_check action=maybe_recompile pc=0x000000011d7afcec method=javafx.css.CompoundSelector.applies(Ljavafx/css/Styleable;[Ljava/util/Set;I)Z @ 128 c2
Event: 22.546 Thread 0x00007fee87a75000 Uncommon trap: reason=unstable_if action=reinterpret pc=0x000000011d782f88 method=javafx.scene.Node.getLocalBounds(Lcom/sun/javafx/geom/BaseBounds;Lcom/sun/javafx/geom/transform/BaseTransform;)Lcom/sun/javafx/geom/BaseBounds; @ 4 c2
Event: 25.898 Thread 0x00007fee87a75000 Uncommon trap: reason=profile_predicate action=maybe_recompile pc=0x000000011d7cd628 method=javafx.scene.CssStyleHelper.transitionToState(Ljavafx/scene/Node;)V @ 286 c2
Event: 27.206 Thread 0x00007fee87a75000 Uncommon trap: reason=profile_predicate action=maybe_recompile pc=0x000000011d7cd628 method=javafx.scene.CssStyleHelper.transitionToState(Ljavafx/scene/Node;)V @ 286 c2
Event: 27.206 Thread 0x00007fee87a75000 Uncommon trap: reason=profile_predicate action=maybe_recompile pc=0x000000011d7cd628 method=javafx.scene.CssStyleHelper.transitionToState(Ljavafx/scene/Node;)V @ 286 c2
Event: 27.321 Thread 0x00007fee87a75000 Uncommon trap: reason=profile_predicate action=maybe_recompile pc=0x000000011d7e276c method=javafx.scene.CssStyleHelper$CacheContainer.<init>(Ljavafx/scene/Node;Lcom/sun/javafx/css/StyleMap;I)V @ 164 c2
Event: 27.322 Thread 0x00007fee87a75000 Uncommon trap: reason=profile_predicate action=maybe_recompile pc=0x000000011d7e276c method=javafx.scene.CssStyleHelper$CacheContainer.<init>(Ljavafx/scene/Node;Lcom/sun/javafx/css/StyleMap;I)V @ 164 c2
Event: 27.330 Thread 0x00007fee87a75000 Uncommon trap: reason=profile_predicate action=maybe_recompile pc=0x000000011d7e276c method=javafx.scene.CssStyleHelper$CacheContainer.<init>(Ljavafx/scene/Node;Lcom/sun/javafx/css/StyleMap;I)V @ 164 c2
Event: 27.330 Thread 0x00007fee87a75000 Uncommon trap: reason=profile_predicate action=maybe_recompile pc=0x000000011d7e276c method=javafx.scene.CssStyleHelper$CacheContainer.<init>(Ljavafx/scene/Node;Lcom/sun/javafx/css/StyleMap;I)V @ 164 c2
Event: 27.331 Thread 0x00007fee87a75000 Uncommon trap: reason=profile_predicate action=maybe_recompile pc=0x000000011d7cd628 method=javafx.scene.CssStyleHelper.transitionToState(Ljavafx/scene/Node;)V @ 286 c2

Classes redefined (0 events):
No events

Internal exceptions (10 events):
Event: 7.451 Thread 0x00007fee87a75000 Exception <a 'java/lang/NoSuchMethodError'{0x0000000785e179b0}: java.lang.invoke.DirectMethodHandle$Holder.invokeStaticInit(Ljava/lang/Object;Ljava/lang/Object;Ljava/lang/Object;)J> (0x0000000785e179b0) thrown at [./open/src/hotspot/share/interpreter/link
Event: 7.453 Thread 0x00007fee87a75000 Exception <a 'java/lang/NoSuchMethodError'{0x0000000785e2fff0}: java.lang.invoke.DirectMethodHandle$Holder.invokeStatic(Ljava/lang/Object;Ljava/lang/Object;J)Ljava/lang/Object;> (0x0000000785e2fff0) thrown at [./open/src/hotspot/share/interpreter/linkReso
Event: 7.453 Thread 0x00007fee87a75000 Exception <a 'java/lang/NoSuchMethodError'{0x0000000785e36168}: java.lang.invoke.Invokers$Holder.linkToTargetMethod(Ljava/lang/Object;JLjava/lang/Object;)Ljava/lang/Object;> (0x0000000785e36168) thrown at [./open/src/hotspot/share/interpreter/linkResolver
Event: 8.974 Thread 0x00007fee87a75000 Implicit null exception at 0x000000011d759f4e to 0x000000011d75b1ac
Event: 15.163 Thread 0x00007fee87a75000 Implicit null exception at 0x000000011d74e389 to 0x000000011d7529c4
Event: 18.780 Thread 0x00007fee87a75000 Exception <a 'java/lang/NoSuchMethodError'{0x00000007857b2280}: java.lang.invoke.DirectMethodHandle$Holder.invokeStatic(Ljava/lang/Object;Ljava/lang/Object;IIIIILjava/lang/Object;)Ljava/lang/Object;> (0x00000007857b2280) thrown at [./open/src/hotspot/shar
Event: 18.781 Thread 0x00007fee87a75000 Exception <a 'java/lang/NoSuchMethodError'{0x00000007857c2db8}: java.lang.invoke.DirectMethodHandle$Holder.invokeStatic(Ljava/lang/Object;Ljava/lang/Object;Ljava/lang/Object;IIIII)Ljava/lang/Object;> (0x00000007857c2db8) thrown at [./open/src/hotspot/shar
Event: 18.781 Thread 0x00007fee87a75000 Exception <a 'java/lang/NoSuchMethodError'{0x00000007857c9618}: java.lang.invoke.Invokers$Holder.linkToTargetMethod(Ljava/lang/Object;Ljava/lang/Object;IIIIILjava/lang/Object;)Ljava/lang/Object;> (0x00000007857c9618) thrown at [./open/src/hotspot/share/in
Event: 21.272 Thread 0x00007fee87a75000 Exception <a 'java/io/FileNotFoundException'{0x0000000787eeb680}> (0x0000000787eeb680) thrown at [./open/src/hotspot/share/prims/jni.cpp, line 611]
Event: 27.328 Thread 0x00007fee87a75000 Exception <a 'java/io/FileNotFoundException'{0x0000000786dcdbf0}> (0x0000000786dcdbf0) thrown at [./open/src/hotspot/share/prims/jni.cpp, line 611]

Events (10 events):
Event: 27.330 Thread 0x00007fee87a75000 Uncommon trap: trap_request=0xffffffbe fr.pc=0x000000011d7e276c relative=0x00000000000043ac
Event: 27.330 Thread 0x00007fee87a75000 DEOPT PACKING pc=0x000000011d7e276c sp=0x00007ff7b5f09440
Event: 27.330 Thread 0x00007fee87a75000 DEOPT UNPACKING pc=0x0000000115bb6925 sp=0x00007ff7b5f092d0 mode 2
Event: 27.330 Thread 0x00007fee87a75000 Uncommon trap: trap_request=0xffffffbe fr.pc=0x000000011d7e276c relative=0x00000000000043ac
Event: 27.330 Thread 0x00007fee87a75000 DEOPT PACKING pc=0x000000011d7e276c sp=0x00007ff7b5f093c0
Event: 27.330 Thread 0x00007fee87a75000 DEOPT UNPACKING pc=0x0000000115bb6925 sp=0x00007ff7b5f09250 mode 2
Event: 27.331 Thread 0x00007fee87a75000 Uncommon trap: trap_request=0xffffffbe fr.pc=0x000000011d7cd628 relative=0x00000000000056c8
Event: 27.331 Thread 0x00007fee87a75000 DEOPT PACKING pc=0x000000011d7cd628 sp=0x00007ff7b5f091f0
Event: 27.331 Thread 0x00007fee87a75000 DEOPT UNPACKING pc=0x0000000115bb6925 sp=0x00007ff7b5f09198 mode 2
Event: 27.352 Executing VM operation: RevokeBias


Dynamic libraries:
0x000000010a10f000 	/Library/Java/JavaVirtualMachines/jdk-11.0.11.jdk/Contents/Home/lib/jli/libjli.dylib
0x00007ff831eaa000 	/System/Library/Frameworks/Cocoa.framework/Versions/A/Cocoa
0x00007ff81dce8000 	/System/Library/Frameworks/AppKit.framework/Versions/C/AppKit
0x00007ff8211d5000 	/System/Library/Frameworks/CoreData.framework/Versions/A/CoreData
0x00007ff81c103000 	/System/Library/Frameworks/Foundation.framework/Versions/C/Foundation
0x00007ff82604a000 	/usr/lib/libSystem.B.dylib
0x00007ff81eb75000 	/System/Library/PrivateFrameworks/UIFoundation.framework/Versions/A/UIFoundation
0x00007ff82be82000 	/System/Library/PrivateFrameworks/RemoteViewServices.framework/Versions/A/RemoteViewServices
0x00007ff8241f6000 	/System/Library/PrivateFrameworks/XCTTargetBootstrap.framework/Versions/A/XCTTargetBootstrap
0x00007ff827e59000 	/System/Library/PrivateFrameworks/InternationalSupport.framework/Versions/A/InternationalSupport
0x00007ff827ee3000 	/System/Library/PrivateFrameworks/UserActivity.framework/Versions/A/UserActivity
0x00007ff827239000 	/usr/lib/libspindump.dylib
0x00007ff81ee03000 	/System/Library/Frameworks/UniformTypeIdentifiers.framework/Versions/A/UniformTypeIdentifiers
0x00007ff822935000 	/usr/lib/libapp_launch_measurement.dylib
0x00007ff821b9f000 	/System/Library/PrivateFrameworks/CoreAnalytics.framework/Versions/A/CoreAnalytics
0x00007ff822938000 	/System/Library/PrivateFrameworks/CoreAutoLayout.framework/Versions/A/CoreAutoLayout
0x00007ff823b57000 	/System/Library/Frameworks/Metal.framework/Versions/A/Metal
0x00007ff82486c000 	/usr/lib/liblangid.dylib
0x00007ff8241fa000 	/System/Library/PrivateFrameworks/CoreSVG.framework/Versions/A/CoreSVG
0x00007ff8201c5000 	/System/Library/PrivateFrameworks/SkyLight.framework/Versions/A/SkyLight
0x00007ff820556000 	/System/Library/Frameworks/CoreGraphics.framework/Versions/A/CoreGraphics
0x00007ff82c4ed000 	/System/Library/Frameworks/Accelerate.framework/Versions/A/Accelerate
0x00007ff826cb4000 	/System/Library/PrivateFrameworks/IconServices.framework/Versions/A/IconServices
0x00007ff823b3c000 	/System/Library/Frameworks/IOSurface.framework/Versions/A/IOSurface
0x00007ff821bcd000 	/usr/lib/libDiagnosticMessagesClient.dylib
0x00007ff825f6a000 	/usr/lib/libz.1.dylib
0x00007ff82fb4c000 	/System/Library/Frameworks/ApplicationServices.framework/Versions/A/ApplicationServices
0x00007ff8241e2000 	/System/Library/PrivateFrameworks/DFRFoundation.framework/Versions/A/DFRFoundation
0x00007ff81d5d9000 	/usr/lib/libicucore.A.dylib
0x00007ff828b7b000 	/System/Library/Frameworks/AudioToolbox.framework/Versions/A/AudioToolbox
0x00007ff827e65000 	/System/Library/PrivateFrameworks/DataDetectorsCore.framework/Versions/A/DataDetectorsCore
0x00007ff9236ab000 	/System/Library/PrivateFrameworks/TextInput.framework/Versions/A/TextInput
0x00007ff820148000 	/usr/lib/libMobileGestalt.dylib
0x00007ff823eea000 	/System/Library/Frameworks/Carbon.framework/Versions/A/Frameworks/HIToolbox.framework/Versions/A/HIToolbox
0x00007ff822363000 	/System/Library/Frameworks/QuartzCore.framework/Versions/A/QuartzCore
0x00007ff81d27a000 	/System/Library/Frameworks/Security.framework/Versions/A/Security
0x00007ff82beba000 	/System/Library/Frameworks/Carbon.framework/Versions/A/Frameworks/SpeechRecognition.framework/Versions/A/SpeechRecognition
0x00007ff822695000 	/System/Library/PrivateFrameworks/CoreUI.framework/Versions/A/CoreUI
0x00007ff81cb54000 	/System/Library/Frameworks/CoreAudio.framework/Versions/A/CoreAudio
0x00007ff821cbb000 	/System/Library/Frameworks/DiskArbitration.framework/Versions/A/DiskArbitration
0x00007ff827620000 	/System/Library/PrivateFrameworks/MultitouchSupport.framework/Versions/A/MultitouchSupport
0x00007ff820147000 	/usr/lib/libenergytrace.dylib
0x00007ff81dbd4000 	/System/Library/Frameworks/IOKit.framework/Versions/A/IOKit
0x00007ff82c2a4000 	/System/Library/Frameworks/CoreServices.framework/Versions/A/CoreServices
0x00007ff8228cf000 	/System/Library/PrivateFrameworks/PerformanceAnalysis.framework/Versions/A/PerformanceAnalysis
0x00007ffa32c6c000 	/System/Library/Frameworks/OpenGL.framework/Versions/A/OpenGL
0x00007ff8255a2000 	/System/Library/PrivateFrameworks/MobileKeyBag.framework/Versions/A/MobileKeyBag
0x00007ff81b0c4000 	/usr/lib/libobjc.A.dylib
0x00007ff820c22000 	/System/Library/Frameworks/ColorSync.framework/Versions/A/ColorSync
0x00007ff81b27d000 	/System/Library/Frameworks/CoreFoundation.framework/Versions/A/CoreFoundation
0x00007ff824473000 	/System/Library/Frameworks/CoreImage.framework/Versions/A/CoreImage
0x00007ff81c96a000 	/System/Library/Frameworks/CoreText.framework/Versions/A/CoreText
0x00007ff824229000 	/System/Library/Frameworks/ImageIO.framework/Versions/A/ImageIO
0x00007ff826050000 	/System/Library/PrivateFrameworks/SoftLinking.framework/Versions/A/SoftLinking
0x00007ff822980000 	/usr/lib/libxml2.2.dylib
0x00007ff81b18a000 	/usr/lib/libc++.1.dylib
0x00007ff8262d3000 	/usr/lib/libcompression.dylib
0x00007ff827d8f000 	/System/Library/PrivateFrameworks/TextureIO.framework/Versions/A/TextureIO
0x00007ff8269c6000 	/usr/lib/libate.dylib
0x00007ff826045000 	/usr/lib/system/libcache.dylib
0x00007ff826001000 	/usr/lib/system/libcommonCrypto.dylib
0x00007ff82602a000 	/usr/lib/system/libcompiler_rt.dylib
0x00007ff826020000 	/usr/lib/system/libcopyfile.dylib
0x00007ff81afbe000 	/usr/lib/system/libcorecrypto.dylib
0x00007ff81b07d000 	/usr/lib/system/libdispatch.dylib
0x00007ff81b23c000 	/usr/lib/system/libdyld.dylib
0x00007ff82603c000 	/usr/lib/system/libkeymgr.dylib
0x00007ff825fdf000 	/usr/lib/system/libmacho.dylib
0x00007ff825676000 	/usr/lib/system/libquarantine.dylib
0x00007ff82603a000 	/usr/lib/system/libremovefile.dylib
0x00007ff820194000 	/usr/lib/system/libsystem_asl.dylib
0x00007ff81af6c000 	/usr/lib/system/libsystem_blocks.dylib
0x00007ff81b101000 	/usr/lib/system/libsystem_c.dylib
0x00007ff826032000 	/usr/lib/system/libsystem_collections.dylib
0x00007ff82485d000 	/usr/lib/system/libsystem_configuration.dylib
0x00007ff823b1f000 	/usr/lib/system/libsystem_containermanager.dylib
0x00007ff825d1e000 	/usr/lib/system/libsystem_coreservices.dylib
0x00007ff81d862000 	/usr/lib/system/libsystem_darwin.dylib
0x00007ff82603d000 	/usr/lib/system/libsystem_dnssd.dylib
0x00007ff81b0fe000 	/usr/lib/system/libsystem_featureflags.dylib
0x00007ff81b252000 	/usr/lib/system/libsystem_info.dylib
0x00007ff825f7d000 	/usr/lib/system/libsystem_m.dylib
0x00007ff81b051000 	/usr/lib/system/libsystem_malloc.dylib
0x00007ff820131000 	/usr/lib/system/libsystem_networkextension.dylib
0x00007ff81dc8a000 	/usr/lib/system/libsystem_notify.dylib
0x00007ff82c17b000 	/usr/lib/system/libsystem_product_info_filter.dylib
0x00007ff824861000 	/usr/lib/system/libsystem_sandbox.dylib
0x00007ff826037000 	/usr/lib/system/libsystem_secinit.dylib
0x00007ff81b1f9000 	/usr/lib/system/libsystem_kernel.dylib
0x00007ff81b248000 	/usr/lib/system/libsystem_platform.dylib
0x00007ff81b230000 	/usr/lib/system/libsystem_pthread.dylib
0x00007ff8219e5000 	/usr/lib/system/libsystem_symptoms.dylib
0x00007ff81afa5000 	/usr/lib/system/libsystem_trace.dylib
0x00007ff82600d000 	/usr/lib/system/libunwind.dylib
0x00007ff81af6e000 	/usr/lib/system/libxpc.dylib
0x00007ff81b1e3000 	/usr/lib/libc++abi.dylib
0x00007ff826018000 	/usr/lib/liboah.dylib
0x00007ff8267a4000 	/usr/lib/liblzma.5.dylib
0x00007ff81be14000 	/System/Library/Frameworks/SystemConfiguration.framework/Versions/A/SystemConfiguration
0x00007ff82604c000 	/usr/lib/libfakelink.dylib
0x00007ff81fc9b000 	/System/Library/Frameworks/CFNetwork.framework/Versions/A/CFNetwork
0x00007ff82618b000 	/usr/lib/libarchive.2.dylib
0x00007ff824868000 	/System/Library/PrivateFrameworks/AppleSystemInfo.framework/Versions/A/AppleSystemInfo
0x00007ff82569c000 	/usr/lib/libbsm.0.dylib
0x00007ff81f2d2000 	/usr/lib/libnetwork.dylib
0x00007ff825fe5000 	/usr/lib/system/libkxld.dylib
0x00007ff8252cb000 	/System/Library/PrivateFrameworks/IOMobileFramebuffer.framework/Versions/A/IOMobileFramebuffer
0x00007ffb30755000 	/usr/lib/libCoreEntitlements.dylib
0x00007ff825d00000 	/System/Library/PrivateFrameworks/AppleFSCompression.framework/Versions/A/AppleFSCompression
0x00007ff825685000 	/usr/lib/libcoretls.dylib
0x00007ff8267be000 	/usr/lib/libcoretls_cfhelpers.dylib
0x00007ff8262ce000 	/usr/lib/libpam.2.dylib
0x00007ff821607000 	/usr/lib/libsqlite3.dylib
0x00007ff82682d000 	/usr/lib/libxar.1.dylib
0x00007ff825d10000 	/usr/lib/libbz2.1.0.dylib
0x00007ff826051000 	/usr/lib/libpcap.A.dylib
0x00007ff8219dc000 	/usr/lib/libdns_services.dylib
0x00007ff82629d000 	/usr/lib/libapple_nghttp2.dylib
0x00007ff826088000 	/usr/lib/libiconv.2.dylib
0x00007ff825fde000 	/usr/lib/libcharset.1.dylib
0x00007ff822903000 	/System/Library/Frameworks/CoreServices.framework/Versions/A/Frameworks/FSEvents.framework/Versions/A/FSEvents
0x00007ff81d86c000 	/System/Library/Frameworks/CoreServices.framework/Versions/A/Frameworks/CarbonCore.framework/Versions/A/CarbonCore
0x00007ff821c20000 	/System/Library/Frameworks/CoreServices.framework/Versions/A/Frameworks/Metadata.framework/Versions/A/Metadata
0x00007ff825d23000 	/System/Library/Frameworks/CoreServices.framework/Versions/A/Frameworks/OSServices.framework/Versions/A/OSServices
0x00007ff826211000 	/System/Library/Frameworks/CoreServices.framework/Versions/A/Frameworks/SearchKit.framework/Versions/A/SearchKit
0x00007ff82196e000 	/System/Library/Frameworks/CoreServices.framework/Versions/A/Frameworks/AE.framework/Versions/A/AE
0x00007ff81b780000 	/System/Library/Frameworks/CoreServices.framework/Versions/A/Frameworks/LaunchServices.framework/Versions/A/LaunchServices
0x00007ff826755000 	/System/Library/Frameworks/CoreServices.framework/Versions/A/Frameworks/DictionaryServices.framework/Versions/A/DictionaryServices
0x00007ff822910000 	/System/Library/Frameworks/CoreServices.framework/Versions/A/Frameworks/SharedFileList.framework/Versions/A/SharedFileList
0x00007ff825679000 	/usr/lib/libCheckFix.dylib
0x00007ff8201ab000 	/System/Library/PrivateFrameworks/TCC.framework/Versions/A/TCC
0x00007ff82486e000 	/System/Library/PrivateFrameworks/CoreNLP.framework/Versions/A/CoreNLP
0x00007ff821bd0000 	/System/Library/PrivateFrameworks/MetadataUtilities.framework/Versions/A/MetadataUtilities
0x00007ff81bec4000 	/usr/lib/libmecabra.dylib
0x00007ff8256ac000 	/usr/lib/libmecab.dylib
0x00007ff81be8f000 	/usr/lib/libCRFSuite.dylib
0x00007ff825709000 	/usr/lib/libgermantok.dylib
0x00007ff826278000 	/usr/lib/libThaiTokenizer.dylib
0x00007ff821cc2000 	/System/Library/Frameworks/Accelerate.framework/Versions/A/Frameworks/vImage.framework/Versions/A/vImage
0x00007ff82c27b000 	/System/Library/Frameworks/Accelerate.framework/Versions/A/Frameworks/vecLib.framework/Versions/A/vecLib
0x00007ff82686e000 	/System/Library/Frameworks/Accelerate.framework/Versions/A/Frameworks/vecLib.framework/Versions/A/libvMisc.dylib
0x00007ff8250e9000 	/System/Library/Frameworks/Accelerate.framework/Versions/A/Frameworks/vecLib.framework/Versions/A/libvDSP.dylib
0x00007ff81baf8000 	/System/Library/Frameworks/Accelerate.framework/Versions/A/Frameworks/vecLib.framework/Versions/A/libBLAS.dylib
0x00007ff8263af000 	/System/Library/Frameworks/Accelerate.framework/Versions/A/Frameworks/vecLib.framework/Versions/A/libLAPACK.dylib
0x00007ff82570c000 	/System/Library/Frameworks/Accelerate.framework/Versions/A/Frameworks/vecLib.framework/Versions/A/libLinearAlgebra.dylib
0x00007ff8262b6000 	/System/Library/Frameworks/Accelerate.framework/Versions/A/Frameworks/vecLib.framework/Versions/A/libSparseBLAS.dylib
0x00007ff8263a9000 	/System/Library/Frameworks/Accelerate.framework/Versions/A/Frameworks/vecLib.framework/Versions/A/libQuadrature.dylib
0x00007ff824958000 	/System/Library/Frameworks/Accelerate.framework/Versions/A/Frameworks/vecLib.framework/Versions/A/libBNNS.dylib
0x00007ff81bda5000 	/System/Library/Frameworks/Accelerate.framework/Versions/A/Frameworks/vecLib.framework/Versions/A/libSparse.dylib
0x00007ff824951000 	/System/Library/PrivateFrameworks/LinguisticData.framework/Versions/A/LinguisticData
0x00007ff81bd5a000 	/System/Library/PrivateFrameworks/Lexicon.framework/Versions/A/Lexicon
0x00007ff826867000 	/usr/lib/libChineseTokenizer.dylib
0x00007ff81c4be000 	/System/Library/PrivateFrameworks/LanguageModeling.framework/Versions/A/LanguageModeling
0x00007ff82627a000 	/System/Library/PrivateFrameworks/AppleSauce.framework/Versions/A/AppleSauce
0x00007ff8252b9000 	/System/Library/PrivateFrameworks/CoreEmoji.framework/Versions/A/CoreEmoji
0x00007ff82617a000 	/usr/lib/libcmph.dylib
0x00007ff8228e7000 	/System/Library/Frameworks/OpenDirectory.framework/Versions/A/Frameworks/CFOpenDirectory.framework/Versions/A/CFOpenDirectory
0x00007ff8228db000 	/System/Library/Frameworks/OpenDirectory.framework/Versions/A/OpenDirectory
0x00007ff8267c0000 	/System/Library/PrivateFrameworks/APFS.framework/Versions/A/APFS
0x00007ff8255da000 	/System/Library/Frameworks/SecurityFoundation.framework/Versions/A/SecurityFoundation
0x00007ff82683b000 	/usr/lib/libutil.dylib
0x00007ff81db97000 	/System/Library/PrivateFrameworks/CoreServicesStore.framework/Versions/A/CoreServicesStore
0x00007ff82683f000 	/usr/lib/libxslt.1.dylib
0x00007ff825667000 	/System/Library/PrivateFrameworks/BackgroundTaskManagement.framework/Versions/A/BackgroundTaskManagement
0x00007ff827caf000 	/System/Library/Frameworks/ImageIO.framework/Versions/A/Resources/libRadiance.dylib
0x00007ff827cb8000 	/System/Library/Frameworks/ImageIO.framework/Versions/A/Resources/libJPEG.dylib
0x00007ff827c08000 	/System/Library/Frameworks/ImageIO.framework/Versions/A/Resources/libPng.dylib
0x00007ff827c29000 	/System/Library/Frameworks/ImageIO.framework/Versions/A/Resources/libTIFF.dylib
0x00007ff827d18000 	/System/Library/Frameworks/ImageIO.framework/Versions/A/Resources/libGIF.dylib
0x00007ff827539000 	/System/Library/Frameworks/ImageIO.framework/Versions/A/Resources/libJP2.dylib
0x00007ff826c7b000 	/usr/lib/libexpat.1.dylib
0x00007ff8274ee000 	/System/Library/PrivateFrameworks/AppleJPEG.framework/Versions/A/AppleJPEG
0x00007ff823db1000 	/System/Library/PrivateFrameworks/FontServices.framework/libFontParser.dylib
0x00007ff821918000 	/System/Library/PrivateFrameworks/RunningBoardServices.framework/Versions/A/RunningBoardServices
0x00007ff83241b000 	/System/Library/PrivateFrameworks/IOSurfaceAccelerator.framework/Versions/A/IOSurfaceAccelerator
0x00007ff82761c000 	/System/Library/PrivateFrameworks/WatchdogClient.framework/Versions/A/WatchdogClient
0x00007ff81c5ad000 	/System/Library/Frameworks/CoreDisplay.framework/Versions/A/CoreDisplay
0x00007ff823cb1000 	/System/Library/Frameworks/CoreMedia.framework/Versions/A/CoreMedia
0x00007ff823b4e000 	/System/Library/PrivateFrameworks/IOAccelerator.framework/Versions/A/IOAccelerator
0x00007ff822a63000 	/System/Library/Frameworks/CoreVideo.framework/Versions/A/CoreVideo
0x00007ff8262cc000 	/System/Library/Frameworks/MetalPerformanceShaders.framework/Versions/A/MetalPerformanceShaders
0x00007ff827657000 	/System/Library/Frameworks/VideoToolbox.framework/Versions/A/VideoToolbox
0x00007ff821860000 	/System/Library/PrivateFrameworks/BaseBoard.framework/Versions/A/BaseBoard
0x00007ff8215ed000 	/System/Library/PrivateFrameworks/ProtocolBuffer.framework/Versions/A/ProtocolBuffer
0x00007ff827ca8000 	/System/Library/PrivateFrameworks/GPUWrangler.framework/Versions/A/GPUWrangler
0x00007ff827c8b000 	/System/Library/PrivateFrameworks/IOPresentment.framework/Versions/A/IOPresentment
0x00007ff827cb2000 	/System/Library/PrivateFrameworks/DSExternalDisplay.framework/Versions/A/DSExternalDisplay
0x00007ffa32c60000 	/System/Library/Frameworks/OpenGL.framework/Versions/A/Libraries/libCoreFSCache.dylib
0x00007ffb1ed54000 	/System/Library/PrivateFrameworks/GPUCompiler.framework/Versions/31001/Libraries/libGPUCompilerUtils.dylib
0x00007ff827d1d000 	/System/Library/PrivateFrameworks/CMCaptureCore.framework/Versions/A/CMCaptureCore
0x00007ff827227000 	/System/Library/PrivateFrameworks/AppServerSupport.framework/Versions/A/AppServerSupport
0x00007ff8293f8000 	/System/Library/PrivateFrameworks/perfdata.framework/Versions/A/perfdata
0x00007ff81c6d9000 	/System/Library/PrivateFrameworks/AudioToolboxCore.framework/Versions/A/AudioToolboxCore
0x00007ff823c8e000 	/System/Library/PrivateFrameworks/caulk.framework/Versions/A/caulk
0x00007ff828d25000 	/usr/lib/libAudioStatistics.dylib
0x00007ff91ff6a000 	/System/Library/PrivateFrameworks/SystemPolicy.framework/Versions/A/SystemPolicy
0x00007ff828f71000 	/usr/lib/libSMC.dylib
0x00007ff831d5d000 	/System/Library/Frameworks/CoreMIDI.framework/Versions/A/CoreMIDI
0x00007ff827bd8000 	/usr/lib/libAudioToolboxUtility.dylib
0x00007ff91c3f2000 	/System/Library/PrivateFrameworks/OSAServicesClient.framework/Versions/A/OSAServicesClient
0x00007ff829405000 	/usr/lib/libperfcheck.dylib
0x00007ff9209f6000 	/usr/lib/libmis.dylib
0x00007ffa32cbc000 	/System/Library/Frameworks/OpenGL.framework/Versions/A/Libraries/libGLU.dylib
0x00007ffa32c7f000 	/System/Library/Frameworks/OpenGL.framework/Versions/A/Libraries/libGFXShared.dylib
0x00007ffa32e8d000 	/System/Library/Frameworks/OpenGL.framework/Versions/A/Libraries/libGL.dylib
0x00007ffa32c88000 	/System/Library/Frameworks/OpenGL.framework/Versions/A/Libraries/libGLImage.dylib
0x00007ffa32c7c000 	/System/Library/Frameworks/OpenGL.framework/Versions/A/Libraries/libCVMSPluginSupport.dylib
0x00007ffa32c67000 	/System/Library/Frameworks/OpenGL.framework/Versions/A/Libraries/libCoreVMClient.dylib
0x00007ff8247ec000 	/System/Library/Frameworks/MetalPerformanceShaders.framework/Versions/A/Frameworks/MPSCore.framework/Versions/A/MPSCore
0x00007ff825c6b000 	/System/Library/Frameworks/MetalPerformanceShaders.framework/Versions/A/Frameworks/MPSImage.framework/Versions/A/MPSImage
0x00007ff825722000 	/System/Library/Frameworks/MetalPerformanceShaders.framework/Versions/A/Frameworks/MPSNeuralNetwork.framework/Versions/A/MPSNeuralNetwork
0x00007ff825b97000 	/System/Library/Frameworks/MetalPerformanceShaders.framework/Versions/A/Frameworks/MPSMatrix.framework/Versions/A/MPSMatrix
0x00007ff825953000 	/System/Library/Frameworks/MetalPerformanceShaders.framework/Versions/A/Frameworks/MPSRayIntersector.framework/Versions/A/MPSRayIntersector
0x00007ff825bd0000 	/System/Library/Frameworks/MetalPerformanceShaders.framework/Versions/A/Frameworks/MPSNDArray.framework/Versions/A/MPSNDArray
0x00007ffa37865000 	/System/Library/Frameworks/MetalPerformanceShaders.framework/Versions/A/Frameworks/MPSFunctions.framework/Versions/A/MPSFunctions
0x00007ff81b9db000 	/System/Library/PrivateFrameworks/MetalTools.framework/Versions/A/MetalTools
0x00007ff824866000 	/System/Library/PrivateFrameworks/AggregateDictionary.framework/Versions/A/AggregateDictionary
0x00007ff826a5d000 	/usr/lib/libIOReport.dylib
0x00007ffa3429c000 	/System/Library/Frameworks/OpenCL.framework/Versions/A/OpenCL
0x00007ff826dc1000 	/System/Library/PrivateFrameworks/FaceCore.framework/Versions/A/FaceCore
0x00007ff826db2000 	/System/Library/PrivateFrameworks/GraphVisualizer.framework/Versions/A/GraphVisualizer
0x00007ffb1ec5f000 	/System/Library/PrivateFrameworks/FontServices.framework/Versions/A/FontServices
0x00007ff8271de000 	/System/Library/PrivateFrameworks/OTSVG.framework/Versions/A/OTSVG
0x00007ff82264b000 	/System/Library/Frameworks/ApplicationServices.framework/Versions/A/Frameworks/ATS.framework/Versions/A/Resources/libFontRegistry.dylib
0x00007ff82722f000 	/System/Library/PrivateFrameworks/FontServices.framework/libhvf.dylib
0x00007ffb1ec60000 	/System/Library/PrivateFrameworks/FontServices.framework/libXTFontStaticRegistryData.dylib
0x00007ff826c2b000 	/System/Library/PrivateFrameworks/AppleVA.framework/Versions/A/AppleVA
0x00007ff828d45000 	/System/Library/Frameworks/ApplicationServices.framework/Versions/A/Frameworks/ATS.framework/Versions/A/ATS
0x00007ff820d1e000 	/System/Library/Frameworks/ApplicationServices.framework/Versions/A/Frameworks/HIServices.framework/Versions/A/HIServices
0x00007ff827d27000 	/System/Library/Frameworks/ApplicationServices.framework/Versions/A/Frameworks/PrintCore.framework/Versions/A/PrintCore
0x00007ff8290c4000 	/System/Library/Frameworks/ApplicationServices.framework/Versions/A/Frameworks/QD.framework/Versions/A/QD
0x00007ff8290bc000 	/System/Library/Frameworks/ApplicationServices.framework/Versions/A/Frameworks/ColorSyncLegacy.framework/Versions/A/ColorSyncLegacy
0x00007ff828d35000 	/System/Library/Frameworks/ApplicationServices.framework/Versions/A/Frameworks/SpeechSynthesis.framework/Versions/A/SpeechSynthesis
0x00007ff827ce8000 	/System/Library/Frameworks/ApplicationServices.framework/Versions/A/Frameworks/ATSUI.framework/Versions/A/ATSUI
0x00007ff829051000 	/usr/lib/libcups.2.dylib
0x00007ff829414000 	/System/Library/Frameworks/Kerberos.framework/Versions/A/Kerberos
0x00007ff829423000 	/System/Library/Frameworks/GSS.framework/Versions/A/GSS
0x00007ff828db1000 	/usr/lib/libresolv.9.dylib
0x00007ff82723e000 	/System/Library/PrivateFrameworks/Heimdal.framework/Versions/A/Heimdal
0x00007ff82fec7000 	/System/Library/Frameworks/Kerberos.framework/Versions/A/Libraries/libHeimdalProxy.dylib
0x00007ff8219ed000 	/System/Library/Frameworks/Network.framework/Versions/A/Network
0x00007ff826c95000 	/usr/lib/libheimdal-asn1.dylib
0x00007ff82946e000 	/System/Library/PrivateFrameworks/CommonAuth.framework/Versions/A/CommonAuth
0x00007ff828cb6000 	/System/Library/PrivateFrameworks/AudioSession.framework/Versions/A/AudioSession
0x00007ff826d25000 	/System/Library/PrivateFrameworks/MediaExperience.framework/Versions/A/MediaExperience
0x00007ff828b4a000 	/System/Library/PrivateFrameworks/AudioSession.framework/libSessionUtility.dylib
0x00007ff8290d0000 	/System/Library/PrivateFrameworks/AudioResourceArbitration.framework/Versions/A/AudioResourceArbitration
0x00007ff826c9e000 	/System/Library/PrivateFrameworks/IconFoundation.framework/Versions/A/IconFoundation
0x00007ff82beaa000 	/System/Library/PrivateFrameworks/SpeechRecognitionCore.framework/Versions/A/SpeechRecognitionCore
0x000000010ae9e000 	/Library/Java/JavaVirtualMachines/jdk-11.0.11.jdk/Contents/Home/lib/server/libjvm.dylib
0x000000010a13d000 	/Library/Java/JavaVirtualMachines/jdk-11.0.11.jdk/Contents/Home/lib/libverify.dylib
0x000000010a179000 	/Library/Java/JavaVirtualMachines/jdk-11.0.11.jdk/Contents/Home/lib/libjava.dylib
0x000000010a14d000 	/Library/Java/JavaVirtualMachines/jdk-11.0.11.jdk/Contents/Home/lib/libjimage.dylib
0x000000010a168000 	/Library/Java/JavaVirtualMachines/jdk-11.0.11.jdk/Contents/Home/lib/libinstrument.dylib
0x000000010a1e5000 	/Library/Java/JavaVirtualMachines/jdk-11.0.11.jdk/Contents/Home/lib/libzip.dylib
0x000000010ac2f000 	/Library/Java/JavaVirtualMachines/jdk-11.0.11.jdk/Contents/Home/lib/libnio.dylib
0x000000010ac5a000 	/Library/Java/JavaVirtualMachines/jdk-11.0.11.jdk/Contents/Home/lib/libnet.dylib
0x000000010ac24000 	/Library/Java/JavaVirtualMachines/jdk-11.0.11.jdk/Contents/Home/lib/libextnet.dylib
0x000000010ac4d000 	/Users/bogdan/Downloads/javafx-sdk-11.0-2.2/lib/libprism_es2.dylib
0x00007ff81db58000 	/System/Library/PrivateFrameworks/CoreServicesInternal.framework/Versions/A/CoreServicesInternal
0x00007ffa32e98000 	/System/Library/Frameworks/OpenGL.framework/Versions/A/Resources/GLEngine.bundle/GLEngine
0x00007ffa32cfa000 	/System/Library/Frameworks/OpenGL.framework/Versions/A/Libraries/libGLProgrammability.dylib
0x00007ffa270c3000 	/System/Library/Extensions/AppleIntelKBLGraphicsGLDriver.bundle/Contents/MacOS/AppleIntelKBLGraphicsGLDriver
0x00007ff92a7df000 	/System/Library/PrivateFrameworks/GPUSupport.framework/Versions/A/Libraries/libGPUSupportMercury.dylib
0x00007ffa33027000 	/System/Library/Frameworks/OpenGL.framework/Versions/A/Resources/GLRendererFloat.bundle/GLRendererFloat
0x000000010cd25000 	/Users/bogdan/Downloads/javafx-sdk-11.0-2.2/lib/libglass.dylib
0x00007ff82d67b000 	/System/Library/Frameworks/FileProvider.framework/Versions/A/FileProvider
0x00007ff8217cc000 	/System/Library/Frameworks/Accounts.framework/Versions/A/Accounts
0x00007ff82d7f3000 	/System/Library/PrivateFrameworks/GenerationalStorage.framework/Versions/A/GenerationalStorage
0x00007ff82e300000 	/System/Library/PrivateFrameworks/CoreSymbolication.framework/Versions/A/CoreSymbolication
0x00007ff82d07f000 	/System/Library/PrivateFrameworks/SymptomDiagnosticReporter.framework/Versions/A/SymptomDiagnosticReporter
0x00007ff81ee17000 	/System/Library/PrivateFrameworks/DesktopServicesPriv.framework/Versions/A/DesktopServicesPriv
0x00007ff81dc99000 	/usr/lib/libsandbox.1.dylib
0x00007ff822ae1000 	/System/Library/PrivateFrameworks/UserManagement.framework/Versions/A/UserManagement
0x00007ff82e2c5000 	/System/Library/PrivateFrameworks/DebugSymbols.framework/Versions/A/DebugSymbols
0x00007ff8290b1000 	/System/Library/PrivateFrameworks/NetAuth.framework/Versions/A/NetAuth
0x00007ff829f9d000 	/System/Library/PrivateFrameworks/Sharing.framework/Versions/A/Sharing
0x00007ff822ab4000 	/System/Library/PrivateFrameworks/login.framework/Versions/A/Frameworks/loginsupport.framework/Versions/A/loginsupport
0x00007ff82f3fd000 	/System/Library/PrivateFrameworks/Apple80211.framework/Versions/A/Apple80211
0x00007ff825d50000 	/System/Library/PrivateFrameworks/AuthKit.framework/Versions/A/AuthKit
0x00007ff8253af000 	/System/Library/PrivateFrameworks/CoreUtils.framework/Versions/A/CoreUtils
0x00007ff8252d6000 	/System/Library/Frameworks/CoreWLAN.framework/Versions/A/CoreWLAN
0x00007ff82a0f8000 	/System/Library/Frameworks/IOBluetooth.framework/Versions/A/IOBluetooth
0x00007ff82f465000 	/System/Library/PrivateFrameworks/CoreWiFi.framework/Versions/A/CoreWiFi
0x00007ff82de9a000 	/System/Library/PrivateFrameworks/FrontBoardServices.framework/Versions/A/FrontBoardServices
0x00007ff82df2c000 	/System/Library/PrivateFrameworks/BoardServices.framework/Versions/A/BoardServices
0x00007ff8255c9000 	/System/Library/PrivateFrameworks/AssertionServices.framework/Versions/A/AssertionServices
0x00007ff82f5e9000 	/System/Library/PrivateFrameworks/BackBoardServices.framework/Versions/A/BackBoardServices
0x00007ff8294fd000 	/System/Library/PrivateFrameworks/CorePhoneNumbers.framework/Versions/A/CorePhoneNumbers
0x00007ff82d19c000 	/System/Library/PrivateFrameworks/DiskManagement.framework/Versions/A/DiskManagement
0x00007ff82d0b0000 	/System/Library/PrivateFrameworks/AppleIDAuthSupport.framework/Versions/A/AppleIDAuthSupport
0x00007ffa397cb000 	/System/Library/PrivateFrameworks/AAAFoundation.framework/Versions/A/AAAFoundation
0x00007ff8294de000 	/System/Library/PrivateFrameworks/KeychainCircle.framework/Versions/A/KeychainCircle
0x00007ff82d168000 	/System/Library/PrivateFrameworks/MediaKit.framework/Versions/A/MediaKit
0x00007ff82d0bc000 	/System/Library/Frameworks/DiscRecording.framework/Versions/A/DiscRecording
0x00007ff826ba3000 	/usr/lib/libCoreStorage.dylib
0x00007ff82f8d6000 	/usr/lib/libcsfde.dylib
0x00007ff82a1c5000 	/System/Library/PrivateFrameworks/ProtectedCloudStorage.framework/Versions/A/ProtectedCloudStorage
0x00007ff82f8d2000 	/System/Library/PrivateFrameworks/EFILogin.framework/Versions/A/EFILogin
0x00007ff82d819000 	/System/Library/PrivateFrameworks/OctagonTrust.framework/Versions/A/OctagonTrust
0x00007ffb1df99000 	/System/Library/PrivateFrameworks/CoreUtilsExtras.framework/Versions/A/CoreUtilsExtras
0x00007ff82cfef000 	/System/Library/Frameworks/CoreBluetooth.framework/Versions/A/CoreBluetooth
0x00007ff82ff4c000 	/System/Library/Frameworks/AudioUnit.framework/Versions/A/AudioUnit
0x00007ff826b9b000 	/usr/lib/libMatch.1.dylib
0x00007ff924dc9000 	/System/Library/Frameworks/Accelerate.framework/Versions/A/Frameworks/vImage.framework/Versions/A/Libraries/libCGInterfaces.dylib
0x000000010d63a000 	/usr/lib/libobjc-trampolines.dylib
0x00007ff8227db000 	/System/Library/PrivateFrameworks/ViewBridge.framework/Versions/A/ViewBridge
0x00000001308fe000 	/Users/bogdan/Downloads/javafx-sdk-11.0-2.2/lib/libjavafx_font.dylib
0x00007ff8272f8000 	/System/Library/PrivateFrameworks/login.framework/Versions/A/login
0x00007ffb30863000 	/usr/lib/libRosetta.dylib


VM Arguments:
jvm_args: --module-path=/Users/bogdan/Downloads/javafx-sdk-11.0-2.2/lib --add-modules=javafx.fxml,javafx.controls,javafx.graphics -Djava.library.path=/Users/bogdan/Downloads/javafx-sdk-11.0-2.2/lib -javaagent:/Applications/IntelliJ IDEA CE.app/Contents/lib/idea_rt.jar=50123:/Applications/IntelliJ IDEA CE.app/Contents/bin -Dfile.encoding=UTF-8 
java_command: InventorySystem.InventorySystem
java_class_path (initial): /Users/bogdan/IdeaProjects/InventorySystem/out/production/InventorySystem:/Users/bogdan/.m2/repository/org/openjfx/javafx-fxml/11/javafx-fxml-11.jar:/Users/bogdan/.m2/repository/org/openjfx/javafx-fxml/11/javafx-fxml-11-mac.jar:/Users/bogdan/.m2/repository/org/openjfx/javafx-controls/11/javafx-controls-11.jar:/Users/bogdan/.m2/repository/org/openjfx/javafx-controls/11/javafx-controls-11-mac.jar:/Users/bogdan/.m2/repository/org/openjfx/javafx-graphics/11/javafx-graphics-11.jar:/Users/bogdan/.m2/repository/org/openjfx/javafx-graphics/11/javafx-graphics-11-mac.jar:/Users/bogdan/.m2/repository/org/openjfx/javafx-base/11/javafx-base-11.jar:/Users/bogdan/.m2/repository/org/openjfx/javafx-base/11/javafx-base-11-mac.jar:/Users/bogdan/Downloads/javafx-sdk-11.0-2.2/lib/src.zip:/Users/bogdan/Downloads/javafx-sdk-11.0-2.2/lib/javafx-swt.jar:/Users/bogdan/Downloads/javafx-sdk-11.0-2.2/lib/javafx.web.jar:/Users/bogdan/Downloads/javafx-sdk-11.0-2.2/lib/javafx.base.jar:/Users/bogdan/Downloads/javafx-sdk-11.0-2.2/lib/javafx.fxml.jar:/Users/bogdan/Downloads/javafx-sdk-11.0-2.2/lib/javafx.media.jar:/Users/bogdan/Downloads/javafx-sdk-11.0-2.2/lib/javafx.swing.jar:/Users/bogdan/Downloads/javafx-sdk-11.0-2.2/lib/javafx.controls.jar:/Users/bogdan/Downloads/javafx-sdk-11.0-2.2/lib/javafx.graphics.jar
Launcher Type: SUN_STANDARD

[Global flags]
     intx CICompilerCount                          = 3                                         {product} {ergonomic}
     uint ConcGCThreads                            = 1                                         {product} {ergonomic}
     uint G1ConcRefinementThreads                  = 4                                         {product} {ergonomic}
   size_t G1HeapRegionSize                         = 1048576                                   {product} {ergonomic}
    uintx GCDrainStackTargetSize                   = 64                                        {product} {ergonomic}
   size_t InitialHeapSize                          = 134217728                                 {product} {ergonomic}
   size_t MarkStackSize                            = 4194304                                   {product} {ergonomic}
   size_t MaxHeapSize                              = 2147483648                                {product} {ergonomic}
   size_t MaxNewSize                               = 1287651328                                {product} {ergonomic}
   size_t MinHeapDeltaBytes                        = 1048576                                   {product} {ergonomic}
    uintx NonNMethodCodeHeapSize                   = 5830732                                {pd product} {ergonomic}
    uintx NonProfiledCodeHeapSize                  = 122913754                              {pd product} {ergonomic}
    uintx ProfiledCodeHeapSize                     = 122913754                              {pd product} {ergonomic}
    uintx ReservedCodeCacheSize                    = 251658240                              {pd product} {ergonomic}
     bool SegmentedCodeCache                       = true                                      {product} {ergonomic}
     bool UseCompressedClassPointers               = true                                 {lp64_product} {ergonomic}
     bool UseCompressedOops                        = true                                 {lp64_product} {ergonomic}
     bool UseG1GC                                  = true                                      {product} {ergonomic}

Logging:
Log output configuration:
 #0: stdout all=warning uptime,level,tags
 #1: stderr all=off uptime,level,tags

Environment Variables:
PATH=/Users/bogdan/opt/anaconda3/bin:/Users/bogdan/opt/anaconda3/condabin:/Library/Frameworks/Python.framework/Versions/3.9/bin:/usr/local/bin:/usr/bin:/bin:/usr/sbin:/sbin:/Library/Apple/usr/bin
SHELL=/bin/zsh

Signal Handlers:
SIGSEGV: [libjvm.dylib+0x796aba], sa_mask[0]=11111111011111110111111111111111, sa_flags=SA_ONSTACK|SA_RESTART|SA_SIGINFO
SIGBUS: [libjvm.dylib+0x796aba], sa_mask[0]=11111111011111110111111111111111, sa_flags=SA_RESTART|SA_SIGINFO
SIGFPE: [libjvm.dylib+0x796aba], sa_mask[0]=11111111011111110111111111111111, sa_flags=SA_RESTART|SA_SIGINFO
SIGPIPE: [libjvm.dylib+0x6487c0], sa_mask[0]=11111111011111110111111111111111, sa_flags=SA_RESTART|SA_SIGINFO
SIGXFSZ: [libjvm.dylib+0x6487c0], sa_mask[0]=11111111011111110111111111111111, sa_flags=SA_RESTART|SA_SIGINFO
SIGILL: [libjvm.dylib+0x796aba], sa_mask[0]=11111111011111110111111111111111, sa_flags=SA_RESTART|SA_SIGINFO
SIGUSR2: [libjvm.dylib+0x648d94], sa_mask[0]=00100000000000000000000000000000, sa_flags=SA_RESTART|SA_SIGINFO
SIGHUP: [libjvm.dylib+0x647855], sa_mask[0]=11111111011111110111111111111111, sa_flags=SA_RESTART|SA_SIGINFO
SIGINT: [libjvm.dylib+0x647855], sa_mask[0]=11111111011111110111111111111111, sa_flags=SA_RESTART|SA_SIGINFO
SIGTERM: [libjvm.dylib+0x647855], sa_mask[0]=11111111011111110111111111111111, sa_flags=SA_RESTART|SA_SIGINFO
SIGQUIT: [libjvm.dylib+0x647855], sa_mask[0]=11111111011111110111111111111111, sa_flags=SA_RESTART|SA_SIGINFO


---------------  S Y S T E M  ---------------

OS:uname:Darwin 21.1.0 Darwin Kernel Version 21.1.0: Wed Oct 13 17:33:23 PDT 2021; root:xnu-8019.41.5~1/RELEASE_X86_64 x86_64
rlimit: STACK 8192k, CORE 0k, NPROC 1392, NOFILE 10240, AS infinity, DATA infinity, FSIZE infinity
load average:2.57 2.11 2.21

CPU:total 4 (initial active 4) (2 cores per cpu, 2 threads per core) family 6 model 142 stepping 9 microcode 0xea, cmov, cx8, fxsr, mmx, sse, sse2, sse3, ssse3, sse4.1, sse4.2, popcnt, avx, avx2, aes, clmul, erms, rtm, 3dnowpref, lzcnt, ht, tsc, tscinvbit, bmi1, bmi2, adx, fma

Memory: 4k page, physical 8388608k(16744k free)

vm_info: Java HotSpot(TM) 64-Bit Server VM (11.0.11+9-LTS-194) for bsd-amd64 JRE (11.0.11+9-LTS-194), built on Mar 18 2021 18:02:06 by "mach5one" with gcc 4.2.1 Compatible Apple LLVM 11.0.0 (clang-1100.0.33.17)

END.
